<?xml version="1.0" encoding="utf-8"?><testsuites><testsuite name="pytest" errors="0" failures="0" skipped="0" tests="9" time="1.300" timestamp="2024-04-03T22:29:55.822626" hostname="192.168.1.35"><testcase classname="test_todo_domen.Test_JsonPlaceHolder" name="test_GET" time="0.130" /><testcase classname="test_todo_domen.Test_JsonPlaceHolder" name="test_with_incorrect_URL" time="0.117" /><testcase classname="test_todo_domen.Test_JsonPlaceHolder" name="test_count_response" time="0.144" /><testcase classname="test_todo_domen.Test_JsonPlaceHolder" name="test_all_links[posts]" time="0.123" /><testcase classname="test_todo_domen.Test_JsonPlaceHolder" name="test_all_links[comments]" time="0.130" /><testcase classname="test_todo_domen.Test_JsonPlaceHolder" name="test_all_links[albums]" time="0.125" /><testcase classname="test_todo_domen.Test_JsonPlaceHolder" name="test_all_links[photos]" time="0.239" /><testcase classname="test_todo_domen.Test_JsonPlaceHolder" name="test_all_links[todos]" time="0.139" /><testcase classname="test_todo_domen.Test_JsonPlaceHolder" name="test_all_links[users]" time="0.132" /></testsuite></testsuites>